2022-12-08 10:43:10,512 - INFO - пользователь ввел границу диапазона: 6
2022-12-08 10:43:12,854 - INFO - пользователь ввел количество попыток: 7
2022-12-08 10:43:12,854 - INFO - сгененрировано число: 2
2022-12-08 10:43:14,576 - INFO - пользователь ввел число больше загаданного
2022-12-08 10:43:17,666 - INFO - пользователь ввел число больше загаданного
2022-12-08 10:43:19,177 - INFO - пользователь ввел число больше загаданного
2022-12-08 10:43:20,284 - INFO - пользователь угадал число
2022-12-08 10:43:20,284 - INFO - работа программы завершена
2022-12-08 10:50:53,659 - ERROR - Ошибка. Некорректный ввод
2022-12-08 10:50:58,525 - INFO - пользователь ввел границу диапазона: 7
2022-12-08 10:52:41,414 - INFO - пользователь ввел границу диапазона: 7
2022-12-08 10:52:42,287 - INFO - пользователь ввел количество попыток: 3
2022-12-08 10:52:42,287 - INFO - сгененрировано число: 7
2022-12-08 10:52:44,610 - INFO - пользователь ввел число меньше загаданного
2022-12-08 10:52:46,910 - INFO - пользователь ввел число меньше загаданного
2022-12-08 10:52:49,879 - INFO - пользователь угадал число
2022-12-08 10:52:49,880 - INFO - работа программы завершена
2022-12-08 11:13:21,032 - INFO - пользователь ввел границу диапазона: 7
2022-12-08 11:13:22,210 - INFO - пользователь ввел количество попыток: 3
2022-12-08 11:13:22,210 - INFO - сгененрировано число: 4
2022-12-08 11:13:54,499 - INFO - пользователь ввел границу диапазона: 7
2022-12-08 11:13:55,719 - INFO - пользователь ввел количество попыток: 3
2022-12-08 11:13:55,719 - INFO - сгененрировано число: 4
2022-12-08 11:13:56,803 - INFO - пользователь угадал число
2022-12-08 11:13:56,803 - INFO - работа программы завершена
2022-12-08 11:22:40,305 - INFO - пользователь ввел границу диапазона: 10
2022-12-08 11:22:41,525 - INFO - пользователь ввел количество попыток: 5
2022-12-08 11:22:41,526 - INFO - сгененрировано число: 8
2022-12-08 11:25:01,101 - INFO - пользователь ввел число меньше загаданного
2022-12-08 11:25:02,976 - INFO - пользователь ввел число больше загаданного
2022-12-08 11:25:04,799 - INFO - пользователь угадал число
2022-12-08 11:25:04,799 - INFO - работа программы завершена
